28/03/2017 | 19:37:55 - Entrada no sistema
================================================

28/03/2017 | 19:37:59 - Saída do sistema
================================================

29/03/2017 | 00:31:00 - Entrada no sistema
================================================

29/03/2017 | 00:31:10 - Saída do sistema
================================================

29/03/2017 | 12:19:00 - Entrada no sistema
================================================

29/03/2017 | 23:47:26 - Saída do sistema
================================================

30/03/2017 | 09:45:47 - Entrada no sistema
================================================

30/03/2017 | 11:11:35 - Saída do sistema
================================================

30/03/2017 | 11:13:08 - Entrada no sistema
================================================

31/03/2017 | 00:01:51 - Saída do sistema
================================================

31/03/2017 | 11:05:11 - Entrada no sistema
================================================

31/03/2017 | 12:35:57 - Consulta de bônus de Meditação.
================================================

31/03/2017 | 21:39:01 - Saída do sistema
================================================

01/04/2017 | 12:54:40 - Entrada no sistema
================================================

02/04/2017 | 17:59:45 - Entrada no sistema
================================================

03/04/2017 | 10:23:25 - Entrada no sistema
================================================

04/04/2017 | 09:46:19 - Entrada no sistema
================================================

07/04/2017 | 12:35:39 - Entrada no sistema
================================================

08/04/2017 | 00:05:31 - Saída do sistema
================================================

10/04/2017 | 14:15:59 - Entrada no sistema
================================================

10/04/2017 | 22:42:57 - Saída do sistema
================================================

11/04/2017 | 17:05:18 - Entrada no sistema
================================================

11/04/2017 | 19:27:29 - Consulta de registros de Meditação.
================================================

11/04/2017 | 19:27:30 - Consulta de bônus de Meditação.
================================================

11/04/2017 | 21:03:23 - Saída do sistema
================================================

11/04/2017 | 21:04:35 - Entrada no sistema
================================================

11/04/2017 | 22:04:48 - Saída do sistema
================================================

13/04/2017 | 10:02:21 - Entrada no sistema
================================================

13/04/2017 | 10:02:55 - Consulta de registros de Meditação.
================================================

13/04/2017 | 10:32:32 - Consulta de registros de Meditação.
================================================

13/04/2017 | 10:32:37 - Consulta de registros de Meditação.
================================================

13/04/2017 | 10:34:05 - Consulta de registros de Meditação.
================================================

13/04/2017 | 10:35:10 - Consulta de registros de Meditação.
================================================

13/04/2017 | 10:35:54 - Consulta de registros de Meditação.
================================================

13/04/2017 | 10:36:17 - Consulta de registros de Meditação.
================================================

13/04/2017 | 10:36:36 - Consulta de registros de Meditação.
================================================

13/04/2017 | 10:36:36 - Consulta de registros de Meditação.
================================================

13/04/2017 | 11:13:37 - Consulta de registros de Meditação.
================================================

13/04/2017 | 11:13:41 - Consulta de registros de Meditação.
================================================

13/04/2017 | 11:13:44 - Consulta de bônus de Meditação.
================================================

13/04/2017 | 11:13:45 - Consulta de bônus de Meditação.
================================================

13/04/2017 | 11:13:49 - Consulta de registros de Meditação.
================================================

13/04/2017 | 13:12:53 - Inclusão de Serviços e Extras - Focalização
================================================

13/04/2017 | 13:13:55 - Consulta de bônus de Meditação.
================================================

13/04/2017 | 13:20:43 - Saída do sistema
================================================

13/04/2017 | 13:21:35 - Entrada no sistema
================================================

13/04/2017 | 16:04:05 - Inclusão de Meditação.
================================================

13/04/2017 | 16:04:07 - Inclusão da Meditação. Semana: 6-314
================================================

13/04/2017 | 16:04:11 - Consulta de registros de Meditação.
================================================

13/04/2017 | 16:22:24 - Consulta de registros de Meditação.
================================================

13/04/2017 | 16:22:29 - Consulta de bônus de Meditação.
================================================

13/04/2017 | 16:38:18 - Inclusão de Meditação.
================================================

13/04/2017 | 16:38:30 - Consulta de registros de Meditação.
================================================

14/04/2017 | 01:12:53 - Saída do sistema
================================================

14/04/2017 | 01:16:13 - Entrada no sistema
================================================

14/04/2017 | 10:50:12 - Entrada no sistema
================================================

14/04/2017 | 14:34:20 - Inclusão de Meditação.
================================================

14/04/2017 | 14:34:21 - Inclusão da Meditação. Semana: 6-314
================================================

14/04/2017 | 14:34:21 - Inclusão de Meditação.
================================================

14/04/2017 | 14:34:21 - Inclusão da Meditação. Semana: 6-314
================================================

14/04/2017 | 14:34:33 - Inclusão de Meditação.
================================================

14/04/2017 | 14:34:33 - Inclusão da Meditação. Semana: 6-314
================================================

14/04/2017 | 14:34:35 - Consulta de registros de Meditação.
================================================

14/04/2017 | 23:22:19 - Saída do sistema
================================================

15/04/2017 | 00:52:40 - Entrada no sistema
================================================

15/04/2017 | 00:53:35 - Saída do sistema
================================================

15/04/2017 | 00:53:57 - Entrada no sistema
================================================

15/04/2017 | 01:49:51 - Inclusão de Meditação.
================================================

15/04/2017 | 01:49:52 - Inclusão da Meditação. Semana: 6-314
================================================

15/04/2017 | 01:49:55 - Consulta de registros de Meditação.
================================================

15/04/2017 | 01:49:59 - Consulta de registros de Meditação.
================================================

15/04/2017 | 01:50:14 - Consulta de bônus de Meditação.
================================================

15/04/2017 | 01:55:14 - Saída do sistema
================================================

15/04/2017 | 02:17:31 - Entrada no sistema
================================================

15/04/2017 | 02:48:29 - Saída do sistema
================================================

15/04/2017 | 03:56:14 - Entrada no sistema
================================================

15/04/2017 | 03:56:54 - Inclusão de Meditação.
================================================

15/04/2017 | 03:56:54 - Inclusão da Meditação. Semana: 6-314
================================================

15/04/2017 | 05:00:26 - Consulta de registros de Meditação.
================================================

15/04/2017 | 15:28:07 - Consulta de registros de Meditação.
================================================

15/04/2017 | 15:29:57 - Consulta de registros de Meditação.
================================================

15/04/2017 | 15:30:01 - Consulta de registros de Meditação.
================================================

15/04/2017 | 15:30:01 - Exclusão de Meditação.
================================================

15/04/2017 | 15:30:05 - Consulta de registros de Meditação.
================================================

15/04/2017 | 15:30:07 - Consulta de bônus de Meditação.
================================================

15/04/2017 | 15:30:10 - Consulta de registros de Meditação.
================================================

16/04/2017 | 11:31:03 - Entrada no sistema
================================================

16/04/2017 | 13:39:00 - Entrada no sistema
================================================

16/04/2017 | 13:39:14 - Inclusão de Meditação.
================================================

16/04/2017 | 13:42:45 - Inclusão de Meditação.
================================================

16/04/2017 | 13:51:25 - Inclusão de Meditação.
================================================

16/04/2017 | 13:51:40 - Inclusão de Meditação.
================================================

16/04/2017 | 13:58:29 - Inclusão de Meditação.
================================================

16/04/2017 | 13:59:30 - Inclusão de Meditação.
================================================

16/04/2017 | 13:59:39 - Inclusão de Meditação.
================================================

16/04/2017 | 14:00:42 - Inclusão de Meditação.
================================================

16/04/2017 | 14:00:52 - Inclusão de Meditação.
================================================

16/04/2017 | 14:01:25 - Inclusão de Meditação.
================================================

16/04/2017 | 14:06:09 - Inclusão de Meditação.
================================================

16/04/2017 | 14:06:37 - Saída do sistema
================================================

16/04/2017 | 14:08:50 - Entrada no sistema
================================================

16/04/2017 | 14:08:58 - Inclusão de Meditação.
================================================

16/04/2017 | 17:09:37 - Inclusão de Meditação.
================================================

16/04/2017 | 17:11:56 - Inclusão de Meditação.
================================================

16/04/2017 | 17:15:10 - Inclusão de Meditação.
================================================

16/04/2017 | 17:15:14 - Inclusão de Meditação.
================================================

17/04/2017 | 00:15:07 - Entrada no sistema
================================================

17/04/2017 | 00:15:25 - Saída do sistema
================================================

17/04/2017 | 00:16:24 - Saída do sistema
================================================

17/04/2017 | 14:45:23 - Entrada no sistema
================================================

17/04/2017 | 15:02:52 - Inclusão de Meditação.
================================================

17/04/2017 | 15:02:53 - Inclusão da Meditação. Semana: 6-321
================================================

17/04/2017 | 15:02:55 - Consulta de registros de Meditação.
================================================

17/04/2017 | 15:03:09 - Consulta de registros de Meditação.
================================================

17/04/2017 | 15:03:22 - Consulta de registros de Meditação.
================================================

17/04/2017 | 15:03:30 - Consulta de registros de Meditação.
================================================

17/04/2017 | 15:03:30 - Exclusão de Meditação.
================================================

17/04/2017 | 15:03:34 - Consulta de registros de Meditação.
================================================

17/04/2017 | 15:03:56 - Consulta de bônus de Meditação.
================================================

17/04/2017 | 15:04:00 - Consulta de bônus de Meditação.
================================================

17/04/2017 | 15:04:03 - Consulta de bônus de Meditação.
================================================

17/04/2017 | 15:04:06 - Consulta de registros de Meditação.
================================================

17/04/2017 | 15:04:11 - Consulta de bônus de Meditação.
================================================

17/04/2017 | 15:04:14 - Consulta de bônus de Meditação.
================================================

17/04/2017 | 15:05:33 - Consulta de bônus de Meditação.
================================================

17/04/2017 | 15:08:00 - Consulta de registros de Meditação.
================================================

17/04/2017 | 15:08:55 - Consulta de registros de Meditação.
================================================

17/04/2017 | 15:08:59 - Consulta de registros de Meditação.
================================================

17/04/2017 | 16:12:04 - Consulta de bônus de Meditação.
================================================

17/04/2017 | 16:12:46 - Inclusão de Meditação.
================================================

17/04/2017 | 16:12:46 - Inclusão da Meditação. Semana: 6-321
================================================

17/04/2017 | 16:12:48 - Consulta de registros de Meditação.
================================================

17/04/2017 | 16:12:52 - Consulta de bônus de Meditação.
================================================

17/04/2017 | 16:12:58 - Consulta de bônus de Meditação.
================================================

17/04/2017 | 16:13:01 - Consulta de bônus de Meditação.
================================================

17/04/2017 | 20:53:36 - Consulta de registros de Meditação.
================================================

17/04/2017 | 20:53:49 - Consulta de registros de Meditação.
================================================

17/04/2017 | 20:53:49 - Exclusão de Meditação.
================================================

17/04/2017 | 20:53:53 - Consulta de registros de Meditação.
================================================

17/04/2017 | 22:05:31 - Inclusão de Meditação.
================================================

17/04/2017 | 22:15:43 - Inclusão de Meditação.
================================================

17/04/2017 | 23:26:26 - Saída do sistema
================================================

18/04/2017 | 12:32:16 - Entrada no sistema
================================================

18/04/2017 | 14:28:25 - Inclusão de Meditação.
================================================

18/04/2017 | 14:28:25 - Inclusão da Meditação. Semana: 6-321
================================================

18/04/2017 | 14:28:49 - Consulta de registros de Meditação.
================================================

18/04/2017 | 14:28:55 - Consulta de registros de Meditação.
================================================

19/04/2017 | 00:58:20 - Inclusão de Meditação.
================================================

19/04/2017 | 00:58:21 - Inclusão da Meditação. Semana: 7-432
================================================

19/04/2017 | 00:58:29 - Saída do sistema
================================================

19/04/2017 | 10:16:21 - Entrada no sistema
================================================

19/04/2017 | 10:17:24 - Consulta de registros de Meditação.
================================================

19/04/2017 | 10:20:46 - Consulta de registros de Meditação.
================================================

19/04/2017 | 10:22:41 - Inclusão de Meditação.
================================================

19/04/2017 | 10:22:41 - Inclusão da Meditação. Semana: 6-321
================================================

19/04/2017 | 10:22:45 - Consulta de registros de Meditação.
================================================

19/04/2017 | 10:24:38 - Consulta de registros de Meditação.
================================================

19/04/2017 | 10:25:16 - Consulta de registros de Meditação.
================================================

19/04/2017 | 10:26:20 - Consulta de registros de Meditação.
================================================

19/04/2017 | 17:24:48 - Consulta de registros de Meditação.
================================================

19/04/2017 | 17:24:49 - Consulta de registros de Meditação.
================================================

19/04/2017 | 17:26:10 - Inclusão de Meditação.
================================================

19/04/2017 | 17:26:10 - Inclusão da Meditação. Semana: 6-321
================================================

19/04/2017 | 17:26:17 - Consulta de registros de Meditação.
================================================

20/04/2017 | 00:27:42 - Saída do sistema
================================================

21/04/2017 | 01:34:21 - Entrada no sistema
================================================

21/04/2017 | 01:34:38 - Inclusão de Meditação.
================================================

21/04/2017 | 01:34:39 - Inclusão da Meditação. Semana: 6-321
================================================

21/04/2017 | 01:34:43 - Consulta de registros de Meditação.
================================================

21/04/2017 | 01:36:04 - Saída do sistema
================================================

21/04/2017 | 11:01:35 - Entrada no sistema
================================================

21/04/2017 | 11:02:32 - Consulta de registros de Meditação.
================================================

21/04/2017 | 12:23:20 - Consulta de registros de Meditação.
================================================

21/04/2017 | 12:35:59 - Consulta de registros de Meditação.
================================================

21/04/2017 | 12:37:01 - Consulta de registros de Meditação.
================================================

21/04/2017 | 12:37:42 - Consulta de registros de Meditação.
================================================

21/04/2017 | 12:38:13 - Consulta de registros de Meditação.
================================================

21/04/2017 | 13:09:10 - Consulta de registros de Meditação.
================================================

21/04/2017 | 13:16:02 - Consulta de registros de Meditação.
================================================

21/04/2017 | 13:20:25 - Consulta de registros de Meditação.
================================================

21/04/2017 | 13:22:18 - Consulta de registros de Meditação.
================================================

21/04/2017 | 13:24:42 - Consulta de registros de Meditação.
================================================

21/04/2017 | 14:01:56 - Consulta de registros de Meditação.
================================================

21/04/2017 | 14:02:08 - Consulta de registros de Meditação.
================================================

21/04/2017 | 14:02:32 - Consulta de registros de Meditação.
================================================

21/04/2017 | 14:02:50 - Consulta de registros de Meditação.
================================================

21/04/2017 | 14:03:08 - Consulta de registros de Meditação.
================================================

21/04/2017 | 14:03:55 - Consulta de registros de Meditação.
================================================

21/04/2017 | 14:04:13 - Consulta de registros de Meditação.
================================================

21/04/2017 | 14:09:07 - Consulta de registros de Meditação.
================================================

21/04/2017 | 14:09:25 - Consulta de registros de Meditação.
================================================

21/04/2017 | 14:09:55 - Entrada no sistema
================================================

21/04/2017 | 14:10:01 - Consulta de registros de Meditação.
================================================

21/04/2017 | 14:10:22 - Consulta de registros de Meditação.
================================================

21/04/2017 | 14:10:58 - Consulta de registros de Meditação.
================================================

21/04/2017 | 14:11:13 - Consulta de registros de Meditação.
================================================

21/04/2017 | 14:11:46 - Consulta de registros de Meditação.
================================================

21/04/2017 | 14:11:59 - Consulta de registros de Meditação.
================================================

21/04/2017 | 14:12:21 - Consulta de registros de Meditação.
================================================

21/04/2017 | 14:12:24 - Consulta de registros de Meditação.
================================================

21/04/2017 | 14:12:28 - Consulta de registros de Meditação.
================================================

21/04/2017 | 14:15:25 - Consulta de registros de Meditação.
================================================

21/04/2017 | 14:15:31 - Consulta de registros de Meditação.
================================================

21/04/2017 | 14:15:34 - Consulta de registros de Meditação.
================================================

21/04/2017 | 14:15:42 - Consulta de registros de Meditação.
================================================

21/04/2017 | 14:15:56 - Consulta de registros de Meditação.
================================================

21/04/2017 | 14:15:59 - Consulta de registros de Meditação.
================================================

21/04/2017 | 14:16:02 - Consulta de registros de Meditação.
================================================

21/04/2017 | 14:16:07 - Consulta de registros de Meditação.
================================================

21/04/2017 | 14:16:23 - Consulta de registros de Meditação.
================================================

21/04/2017 | 19:46:10 - Saída do sistema
================================================

21/04/2017 | 21:40:03 - Consulta de registros de Meditação.
================================================

22/04/2017 | 12:41:33 - Entrada no sistema
================================================

22/04/2017 | 20:32:39 - Entrada no sistema
================================================

23/04/2017 | 01:29:22 - Saída do sistema
================================================

23/04/2017 | 16:37:05 - Entrada no sistema
================================================

23/04/2017 | 23:40:21 - Saída do sistema
================================================

24/04/2017 | 10:18:38 - Entrada no sistema
================================================

24/04/2017 | 15:38:50 - Inclusão de Meditação.
================================================

24/04/2017 | 15:39:08 - Inclusão de Meditação.
================================================

24/04/2017 | 15:39:08 - Inclusão da Meditação. Semana: 6-322
================================================

24/04/2017 | 15:39:12 - Consulta de registros de Meditação.
================================================

24/04/2017 | 15:39:24 - Consulta de registros de Meditação.
================================================

24/04/2017 | 15:39:24 - Exclusão de Meditação.
================================================

24/04/2017 | 15:39:27 - Consulta de registros de Meditação.
================================================

24/04/2017 | 15:39:47 - Consulta de bônus de Meditação.
================================================

24/04/2017 | 19:27:21 - Consulta de registros de Meditação.
================================================

24/04/2017 | 20:37:27 - Consulta de registros de Meditação.
================================================

24/04/2017 | 23:54:51 - Saída do sistema
================================================

25/04/2017 | 13:00:05 - Entrada no sistema
================================================

25/04/2017 | 13:17:22 - Entrada no sistema
================================================

25/04/2017 | 14:37:55 - Consulta de bônus de Meditação.
================================================

25/04/2017 | 14:40:12 - Consulta de bônus de Meditação.
================================================

25/04/2017 | 15:04:54 - Saída do sistema
================================================

25/04/2017 | 16:09:17 - Saída do sistema
================================================

25/04/2017 | 16:13:04 - Entrada no sistema
================================================

25/04/2017 | 23:16:57 - Saída do sistema
================================================

26/04/2017 | 09:14:04 - Entrada no sistema
================================================

26/04/2017 | 20:54:38 - Inclusão de Meditação.
================================================

26/04/2017 | 20:54:39 - Inclusão da Meditação. Semana: 6-321
================================================

26/04/2017 | 20:54:41 - Consulta de registros de Meditação.
================================================

26/04/2017 | 20:55:53 - Consulta de registros de Meditação.
================================================

26/04/2017 | 20:55:56 - Consulta de registros de Meditação.
================================================

26/04/2017 | 20:56:02 - Consulta de bônus de Meditação.
================================================

26/04/2017 | 20:56:06 - Consulta de registros de Meditação.
================================================

26/04/2017 | 20:56:10 - Consulta de registros de Meditação.
================================================

26/04/2017 | 20:56:29 - Consulta de registros de Meditação.
================================================

27/04/2017 | 01:27:33 - Saída do sistema
================================================

27/04/2017 | 09:06:30 - Entrada no sistema
================================================

27/04/2017 | 19:42:17 - Consulta de registros de Meditação.
================================================

27/04/2017 | 22:42:17 - Entrada no sistema
================================================

28/04/2017 | 01:16:49 - Saída do sistema
================================================

28/04/2017 | 10:23:46 - Entrada no sistema
================================================

29/04/2017 | 02:08:23 - Saída do sistema
================================================

29/04/2017 | 10:15:41 - Entrada no sistema
================================================

29/04/2017 | 17:51:06 - Saída do sistema
================================================

01/05/2017 | 09:57:50 - Entrada no sistema
================================================

01/05/2017 | 10:32:47 - Inclusão de Meditação.
================================================

01/05/2017 | 10:32:47 - Inclusão da Meditação. Semana: 6-324
================================================

01/05/2017 | 10:33:42 - Consulta de registros de Meditação.
================================================

01/05/2017 | 10:34:19 - Consulta de registros de Meditação.
================================================

01/05/2017 | 10:35:42 - Consulta de registros de Meditação.
================================================

01/05/2017 | 10:35:48 - Consulta de bônus de Meditação.
================================================

01/05/2017 | 10:35:53 - Consulta de registros de Meditação.
================================================

01/05/2017 | 10:36:02 - Consulta de bônus de Meditação.
================================================

01/05/2017 | 10:36:07 - Consulta de registros de Meditação.
================================================

01/05/2017 | 10:36:17 - Consulta de bônus de Meditação.
================================================

01/05/2017 | 10:38:33 - Consulta de bônus de Meditação.
================================================

01/05/2017 | 10:38:40 - Consulta de bônus de Meditação.
================================================

01/05/2017 | 10:39:07 - Consulta de bônus de Meditação.
================================================

01/05/2017 | 10:39:12 - Consulta de bônus de Meditação.
================================================

01/05/2017 | 10:39:14 - Consulta de bônus de Meditação.
================================================

01/05/2017 | 10:39:20 - Consulta de bônus de Meditação.
================================================

01/05/2017 | 10:39:22 - Consulta de bônus de Meditação.
================================================

02/05/2017 | 00:05:59 - Consulta de bônus de Meditação.
================================================

02/05/2017 | 00:07:04 - Consulta de bônus de Meditação.
================================================

02/05/2017 | 00:07:42 - Consulta de bônus de Meditação.
================================================

02/05/2017 | 00:08:21 - Consulta de bônus de Meditação.
================================================

02/05/2017 | 00:09:44 - Consulta de bônus de Meditação.
================================================

02/05/2017 | 00:10:12 - Consulta de bônus de Meditação.
================================================

02/05/2017 | 00:10:23 - Consulta de bônus de Meditação.
================================================

02/05/2017 | 00:10:44 - Consulta de bônus de Meditação.
================================================

02/05/2017 | 00:10:54 - Consulta de bônus de Meditação.
================================================

02/05/2017 | 00:11:03 - Consulta de bônus de Meditação.
================================================

02/05/2017 | 00:11:26 - Consulta de bônus de Meditação.
================================================

02/05/2017 | 00:18:08 - Saída do sistema
================================================

02/05/2017 | 00:21:44 - Entrada no sistema
================================================

02/05/2017 | 00:25:22 - Saída do sistema
================================================

02/05/2017 | 08:26:54 - Entrada no sistema
================================================

03/05/2017 | 01:46:02 - Saída do sistema
================================================

04/05/2017 | 16:52:26 - Entrada no sistema
================================================

05/05/2017 | 09:34:12 - Entrada no sistema
================================================

06/05/2017 | 11:09:35 - Entrada no sistema
================================================

08/05/2017 | 13:59:32 - Entrada no sistema
================================================

10/05/2017 | 00:43:42 - Entrada no sistema
================================================

10/05/2017 | 00:46:51 - Consulta de bônus de Meditação.
================================================

10/05/2017 | 13:25:02 - Entrada no sistema
================================================

11/05/2017 | 00:32:05 - Saída do sistema
================================================

11/05/2017 | 00:32:41 - Entrada no sistema
================================================

11/05/2017 | 00:33:04 - Saída do sistema
================================================

11/05/2017 | 00:33:18 - Entrada no sistema
================================================

11/05/2017 | 00:33:44 - Saída do sistema
================================================

11/05/2017 | 00:33:49 - Entrada no sistema
================================================

11/05/2017 | 11:20:15 - Entrada no sistema
================================================

11/05/2017 | 13:55:24 - Entrada no sistema
================================================

12/05/2017 | 00:11:10 - Consulta de registros de Meditação.
================================================

12/05/2017 | 00:16:54 - Consulta de registros de Meditação.
================================================

12/05/2017 | 00:17:31 - Consulta de registros de Meditação.
================================================

12/05/2017 | 00:24:11 - Consulta de registros de Meditação.
================================================

12/05/2017 | 00:25:25 - Consulta de registros de Meditação.
================================================

12/05/2017 | 00:28:25 - Consulta de registros de Meditação.
================================================

12/05/2017 | 00:29:12 - Consulta de registros de Meditação.
================================================

12/05/2017 | 00:30:48 - Consulta de registros de Meditação.
================================================

12/05/2017 | 00:30:58 - Consulta de registros de Meditação.
================================================

12/05/2017 | 00:33:17 - Consulta de registros de Meditação.
================================================

12/05/2017 | 00:33:27 - Consulta de registros de Meditação.
================================================

12/05/2017 | 00:34:56 - Consulta de registros de Meditação.
================================================

12/05/2017 | 00:37:23 - Consulta de registros de Meditação.
================================================

12/05/2017 | 00:40:24 - Consulta de registros de Meditação.
================================================

12/05/2017 | 00:41:03 - Consulta de registros de Meditação.
================================================

12/05/2017 | 00:43:49 - Saída do sistema
================================================

12/05/2017 | 14:54:00 - Entrada no sistema
================================================

13/05/2017 | 16:40:04 - Entrada no sistema
================================================

13/05/2017 | 16:46:12 - Consulta de bônus de Meditação.
================================================

13/05/2017 | 16:46:17 - Consulta de bônus de Meditação.
================================================

13/05/2017 | 16:47:17 - Consulta de registros de Meditação.
================================================

13/05/2017 | 16:52:52 - Consulta de registros de Meditação.
================================================

13/05/2017 | 23:30:27 - Saída do sistema
================================================

15/05/2017 | 10:26:32 - Entrada no sistema
================================================

15/05/2017 | 10:27:23 - Consulta de registros de Meditação.
================================================

15/05/2017 | 10:27:39 - Inclusão de Meditação.
================================================

15/05/2017 | 10:27:39 - Inclusão da Meditação. Semana: 6-331
================================================

15/05/2017 | 10:27:43 - Consulta de registros de Meditação.
================================================

15/05/2017 | 10:28:35 - Consulta de registros de Meditação.
================================================

15/05/2017 | 10:28:55 - Consulta de registros de Meditação.
================================================

15/05/2017 | 10:31:13 - Consulta de registros de Meditação.
================================================

15/05/2017 | 10:31:20 - Consulta de registros de Meditação.
================================================

15/05/2017 | 10:31:24 - Consulta de registros de Meditação.
================================================

15/05/2017 | 10:31:27 - Consulta de registros de Meditação.
================================================

15/05/2017 | 10:31:40 - Consulta de registros de Meditação.
================================================

15/05/2017 | 10:31:42 - Consulta de registros de Meditação.
================================================

15/05/2017 | 10:31:45 - Consulta de registros de Meditação.
================================================

15/05/2017 | 10:31:48 - Consulta de registros de Meditação.
================================================

15/05/2017 | 10:31:50 - Consulta de registros de Meditação.
================================================

15/05/2017 | 10:31:52 - Consulta de registros de Meditação.
================================================

15/05/2017 | 10:31:54 - Consulta de registros de Meditação.
================================================

15/05/2017 | 10:32:11 - Inclusão de Meditação.
================================================

15/05/2017 | 10:32:11 - Inclusão da Meditação. Semana: 6-321
================================================

15/05/2017 | 10:32:14 - Consulta de registros de Meditação.
================================================

15/05/2017 | 10:32:19 - Consulta de registros de Meditação.
================================================

15/05/2017 | 10:32:21 - Consulta de registros de Meditação.
================================================

15/05/2017 | 10:32:23 - Consulta de registros de Meditação.
================================================

15/05/2017 | 10:32:25 - Consulta de registros de Meditação.
================================================

15/05/2017 | 10:32:27 - Consulta de registros de Meditação.
================================================

15/05/2017 | 10:32:29 - Consulta de registros de Meditação.
================================================

15/05/2017 | 10:32:32 - Consulta de registros de Meditação.
================================================

15/05/2017 | 10:32:37 - Consulta de registros de Meditação.
================================================

15/05/2017 | 10:38:10 - Consulta de registros de Meditação.
================================================

15/05/2017 | 10:38:14 - Consulta de registros de Meditação.
================================================

15/05/2017 | 10:42:04 - Consulta de registros de Meditação.
================================================

15/05/2017 | 10:42:23 - Consulta de registros de Meditação.
================================================

15/05/2017 | 10:44:01 - Consulta de registros de Meditação.
================================================

15/05/2017 | 10:44:05 - Consulta de registros de Meditação.
================================================

15/05/2017 | 10:45:18 - Consulta de registros de Meditação.
================================================

15/05/2017 | 10:45:40 - Consulta de registros de Meditação.
================================================

15/05/2017 | 10:45:43 - Consulta de registros de Meditação.
================================================

15/05/2017 | 10:46:21 - Consulta de registros de Meditação.
================================================

15/05/2017 | 10:46:26 - Consulta de registros de Meditação.
================================================

15/05/2017 | 10:46:28 - Consulta de registros de Meditação.
================================================

15/05/2017 | 10:46:30 - Consulta de registros de Meditação.
================================================

15/05/2017 | 10:46:33 - Consulta de registros de Meditação.
================================================

15/05/2017 | 10:46:36 - Consulta de registros de Meditação.
================================================

15/05/2017 | 10:46:38 - Consulta de registros de Meditação.
================================================

15/05/2017 | 10:46:45 - Consulta de registros de Meditação.
================================================

15/05/2017 | 10:46:47 - Consulta de registros de Meditação.
================================================

15/05/2017 | 10:46:49 - Consulta de registros de Meditação.
================================================

15/05/2017 | 15:47:09 - Consulta de registros de Meditação.
================================================

15/05/2017 | 15:48:14 - Consulta de registros de Meditação.
================================================

15/05/2017 | 16:03:43 - Consulta de registros de Meditação.
================================================

15/05/2017 | 16:08:24 - Consulta de registros de Meditação.
================================================

15/05/2017 | 16:08:47 - Consulta de registros de Meditação.
================================================

15/05/2017 | 16:13:13 - Consulta de registros de Meditação.
================================================

15/05/2017 | 16:31:10 - Consulta de registros de Meditação.
================================================

15/05/2017 | 16:33:32 - Consulta de registros de Meditação.
================================================

15/05/2017 | 16:34:03 - Consulta de registros de Meditação.
================================================

15/05/2017 | 16:35:38 - Consulta de registros de Meditação.
================================================

15/05/2017 | 16:37:15 - Consulta de registros de Meditação.
================================================

15/05/2017 | 16:38:07 - Consulta de registros de Meditação.
================================================

15/05/2017 | 16:38:12 - Consulta de registros de Meditação.
================================================

15/05/2017 | 16:38:36 - Consulta de registros de Meditação.
================================================

15/05/2017 | 16:38:38 - Consulta de registros de Meditação.
================================================

15/05/2017 | 16:39:26 - Consulta de registros de Meditação.
================================================

15/05/2017 | 16:39:28 - Consulta de registros de Meditação.
================================================

15/05/2017 | 16:39:38 - Consulta de registros de Meditação.
================================================

15/05/2017 | 16:39:40 - Consulta de registros de Meditação.
================================================

15/05/2017 | 16:39:42 - Consulta de registros de Meditação.
================================================

15/05/2017 | 16:40:55 - Consulta de registros de Meditação.
================================================

15/05/2017 | 16:40:58 - Consulta de registros de Meditação.
================================================

15/05/2017 | 16:41:05 - Consulta de registros de Meditação.
================================================

15/05/2017 | 16:41:08 - Consulta de registros de Meditação.
================================================

15/05/2017 | 16:41:12 - Consulta de registros de Meditação.
================================================

15/05/2017 | 16:41:14 - Consulta de registros de Meditação.
================================================

15/05/2017 | 16:41:18 - Consulta de registros de Meditação.
================================================

15/05/2017 | 16:44:06 - Consulta de registros de Meditação.
================================================

15/05/2017 | 16:44:09 - Consulta de registros de Meditação.
================================================

15/05/2017 | 16:44:12 - Consulta de registros de Meditação.
================================================

15/05/2017 | 16:44:16 - Consulta de registros de Meditação.
================================================

15/05/2017 | 16:44:21 - Consulta de registros de Meditação.
================================================

15/05/2017 | 16:44:50 - Consulta de registros de Meditação.
================================================

15/05/2017 | 16:44:52 - Consulta de registros de Meditação.
================================================

15/05/2017 | 16:44:55 - Consulta de registros de Meditação.
================================================

15/05/2017 | 16:44:56 - Consulta de registros de Meditação.
================================================

15/05/2017 | 16:44:59 - Consulta de registros de Meditação.
================================================

15/05/2017 | 16:48:39 - Consulta de registros de Meditação.
================================================

15/05/2017 | 16:50:01 - Consulta de registros de Meditação.
================================================

15/05/2017 | 16:50:04 - Consulta de registros de Meditação.
================================================

15/05/2017 | 16:50:07 - Consulta de registros de Meditação.
================================================

15/05/2017 | 16:53:40 - Consulta de registros de Meditação.
================================================

15/05/2017 | 16:53:43 - Consulta de registros de Meditação.
================================================

15/05/2017 | 16:55:30 - Consulta de registros de Meditação.
================================================

15/05/2017 | 16:55:40 - Consulta de registros de Meditação.
================================================

15/05/2017 | 16:55:42 - Consulta de registros de Meditação.
================================================

15/05/2017 | 16:57:03 - Consulta de registros de Meditação.
================================================

15/05/2017 | 16:57:30 - Consulta de registros de Meditação.
================================================

15/05/2017 | 16:57:55 - Consulta de registros de Meditação.
================================================

15/05/2017 | 16:57:58 - Consulta de registros de Meditação.
================================================

15/05/2017 | 16:58:03 - Consulta de registros de Meditação.
================================================

15/05/2017 | 16:58:09 - Consulta de registros de Meditação.
================================================

15/05/2017 | 16:58:13 - Consulta de registros de Meditação.
================================================

15/05/2017 | 16:58:19 - Consulta de registros de Meditação.
================================================

15/05/2017 | 16:58:23 - Consulta de registros de Meditação.
================================================

15/05/2017 | 16:58:26 - Consulta de registros de Meditação.
================================================

15/05/2017 | 16:58:55 - Consulta de registros de Meditação.
================================================

15/05/2017 | 16:59:00 - Consulta de registros de Meditação.
================================================

15/05/2017 | 16:59:03 - Consulta de bônus de Meditação.
================================================

15/05/2017 | 16:59:07 - Consulta de bônus de Meditação.
================================================

15/05/2017 | 16:59:16 - Consulta de registros de Meditação.
================================================

15/05/2017 | 17:01:23 - Consulta de registros de Meditação.
================================================

15/05/2017 | 17:01:41 - Consulta de registros de Meditação.
================================================

15/05/2017 | 17:01:45 - Consulta de registros de Meditação.
================================================

15/05/2017 | 17:01:48 - Consulta de registros de Meditação.
================================================

15/05/2017 | 17:01:52 - Consulta de registros de Meditação.
================================================

15/05/2017 | 17:30:45 - Consulta de registros de Meditação.
================================================

15/05/2017 | 17:31:05 - Consulta de registros de Meditação.
================================================

15/05/2017 | 17:31:06 - Exclusão de Meditação.
================================================

15/05/2017 | 17:31:09 - Consulta de registros de Meditação.
================================================

15/05/2017 | 17:31:55 - Consulta de registros de Meditação.
================================================

15/05/2017 | 17:32:21 - Consulta de registros de Meditação.
================================================

15/05/2017 | 17:32:24 - Consulta de registros de Meditação.
================================================

15/05/2017 | 17:32:26 - Consulta de registros de Meditação.
================================================

15/05/2017 | 17:32:28 - Consulta de registros de Meditação.
================================================

15/05/2017 | 17:32:30 - Consulta de registros de Meditação.
================================================

15/05/2017 | 17:32:33 - Consulta de registros de Meditação.
================================================

15/05/2017 | 17:51:12 - Consulta de registros de Meditação.
================================================

15/05/2017 | 17:51:15 - Consulta de registros de Meditação.
================================================

15/05/2017 | 19:11:56 - Consulta de registros de Meditação.
================================================

15/05/2017 | 19:12:45 - Consulta de registros de Meditação.
================================================

15/05/2017 | 19:13:31 - Consulta de registros de Meditação.
================================================

15/05/2017 | 19:17:20 - Consulta de registros de Meditação.
================================================

15/05/2017 | 19:18:13 - Consulta de registros de Meditação.
================================================

15/05/2017 | 19:22:48 - Consulta de registros de Meditação.
================================================

15/05/2017 | 19:23:05 - Consulta de registros de Meditação.
================================================

15/05/2017 | 19:23:15 - Consulta de registros de Meditação.
================================================

15/05/2017 | 19:28:39 - Consulta de registros de Meditação.
================================================

15/05/2017 | 19:29:05 - Consulta de registros de Meditação.
================================================

15/05/2017 | 19:29:12 - Consulta de registros de Meditação.
================================================

15/05/2017 | 21:30:40 - Consulta de registros de Meditação.
================================================

15/05/2017 | 21:32:14 - Consulta de registros de Meditação.
================================================

16/05/2017 | 02:04:18 - Consulta de registros de Meditação.
================================================

16/05/2017 | 02:04:30 - Consulta de registros de Meditação.
================================================

16/05/2017 | 02:04:33 - Consulta de registros de Meditação.
================================================

16/05/2017 | 02:04:41 - Consulta de registros de Meditação.
================================================

16/05/2017 | 02:04:43 - Consulta de registros de Meditação.
================================================

16/05/2017 | 02:04:47 - Consulta de registros de Meditação.
================================================

16/05/2017 | 02:04:49 - Consulta de registros de Meditação.
================================================

16/05/2017 | 02:04:52 - Consulta de registros de Meditação.
================================================

16/05/2017 | 02:05:50 - Consulta de registros de Meditação.
================================================

16/05/2017 | 02:13:48 - Consulta de registros de Meditação.
================================================

16/05/2017 | 02:13:52 - Consulta de registros de Meditação.
================================================

16/05/2017 | 02:36:19 - Consulta de bônus de Meditação.
================================================

16/05/2017 | 02:36:34 - Consulta de registros de Meditação.
================================================

16/05/2017 | 02:36:38 - Consulta de registros de Meditação.
================================================

16/05/2017 | 02:37:32 - Consulta de registros de Meditação.
================================================

16/05/2017 | 02:37:34 - Consulta de registros de Meditação.
================================================

16/05/2017 | 02:39:52 - Consulta de bônus de Meditação.
================================================

16/05/2017 | 02:50:17 - Consulta de bônus de Meditação.
================================================

16/05/2017 | 04:23:31 - Consulta de registros de Meditação.
================================================

16/05/2017 | 04:23:32 - Consulta de bônus de Meditação.
================================================

16/05/2017 | 04:46:57 - Consulta de registros de Meditação.
================================================

16/05/2017 | 04:47:00 - Consulta de bônus de Meditação.
================================================

16/05/2017 | 04:47:04 - Saída do sistema
================================================

16/05/2017 | 10:57:11 - Entrada no sistema
================================================

16/05/2017 | 23:42:31 - Consulta de registros de Meditação.
================================================

16/05/2017 | 23:42:34 - Consulta de registros de Meditação.
================================================

16/05/2017 | 23:50:04 - Saída do sistema
================================================

17/05/2017 | 17:17:19 - Entrada no sistema
================================================

18/05/2017 | 00:02:43 - Saída do sistema
================================================

18/05/2017 | 08:38:09 - Entrada no sistema
================================================

18/05/2017 | 17:03:27 - Consulta de bônus de Meditação.
================================================

18/05/2017 | 20:33:57 - Consulta de bônus de Meditação.
================================================

18/05/2017 | 22:10:00 - Consulta de bônus de Meditação.
================================================

18/05/2017 | 23:49:06 - Consulta de bônus de Meditação.
================================================

18/05/2017 | 23:51:16 - Saída do sistema
================================================

19/05/2017 | 10:57:08 - Entrada no sistema
================================================

19/05/2017 | 13:06:51 - Inclusão da Meditação. Data RUV: 6-331 | Data Inclusão: 19/05/2017
================================================

19/05/2017 | 13:06:52 - Inclusão da Meditação. Data RUV: 6-331 | Data Inclusão: 19/05/2017
================================================

19/05/2017 | 13:08:29 - Inclusão da Meditação. Data RUV: 6-331 | Data Inclusão: 19/05/2017
================================================

19/05/2017 | 13:08:29 - Inclusão da Meditação. Data RUV: 6-331 | Data Inclusão: 19/05/2017
================================================

19/05/2017 | 13:09:03 - Inclusão da Meditação. Data RUV: 6-331 | Data Inclusão: 19/05/2017
================================================

19/05/2017 | 13:09:03 - Inclusão da Meditação. Data RUV: 6-331 | Data Inclusão: 19/05/2017
================================================

19/05/2017 | 13:13:37 - Inclusão da Meditação. Data RUV: 6-331.6 | Data Inclusão: 19/05/2017
================================================

19/05/2017 | 13:14:21 - Consulta de registros de Meditação.
================================================

19/05/2017 | 13:14:28 - Consulta de registros de Meditação.
================================================

19/05/2017 | 13:14:28 - Exclusão de Meditação. Data RUV: 6-331 | Data Exclusão: 19/05/2017
================================================

19/05/2017 | 13:14:32 - Consulta de registros de Meditação.
================================================

19/05/2017 | 16:26:33 - Inclusão da Presença-Paragem. Data RUV: 6-331.6 | Data Inclusão: 19/05/2017
================================================

19/05/2017 | 16:38:37 - Inclusão da Presença-Paragem. Data RUV: 6-331.6 | Data Inclusão: 19/05/2017
================================================

19/05/2017 | 16:39:00 - Inclusão de Serviços e Extras Data RUV: 6-331.6 | Data Inclusão: 19/05/2017
================================================

19/05/2017 | 16:39:30 - Inclusão de Serviços e Extras Data RUV: 6-321.7 | Data Inclusão: 19/05/2017
================================================

19/05/2017 | 16:45:49 - Consulta de bônus de Meditação.
================================================

19/05/2017 | 16:47:23 - Consulta de bônus de Meditação.
================================================

19/05/2017 | 18:11:47 - Saída do sistema
================================================

19/05/2017 | 18:11:58 - Entrada no sistema
================================================

19/05/2017 | 18:18:36 - Entrada no sistema
================================================

19/05/2017 | 22:38:28 - Inclusão da Tarefa. Data RUV: 6-331.6
================================================

19/05/2017 | 22:42:44 - Inclusão da Meditação. Data RUV: 6-331.6
================================================

19/05/2017 | 22:45:21 - Inclusão da Prática dos Portais. Data RUV: 6-331.6
================================================

20/05/2017 | 00:55:12 - 
================================================

20/05/2017 | 00:55:15 - 
================================================

20/05/2017 | 01:07:01 - Saída do sistema
================================================

20/05/2017 | 09:08:52 - Entrada no sistema
================================================

