23/05/2017 | 19:11:23 - Reinício das atividades
================================================

24/05/2017 | 00:12:33 - Saída do sistema
================================================

24/05/2017 | 18:25:03 - Entrada no sistema
================================================

24/05/2017 | 20:29:56 - Saída do sistema
================================================

26/05/2017 | 18:43:16 - Entrada no sistema
================================================

27/05/2017 | 00:05:28 - Saída do sistema
================================================

27/05/2017 | 12:50:28 - Entrada no sistema
================================================

27/05/2017 | 21:11:36 - Saída do sistema
================================================

27/05/2017 | 23:55:13 - Entrada no sistema
================================================

28/05/2017 | 00:27:25 - Saída do sistema
================================================

29/05/2017 | 17:45:18 - Entrada no sistema
================================================

29/05/2017 | 23:25:40 - Saída do sistema
================================================

30/05/2017 | 10:36:44 - Entrada no sistema
================================================

30/05/2017 | 23:06:33 - Saída do sistema
================================================

31/05/2017 | 18:49:01 - Entrada no sistema
================================================

31/05/2017 | 20:09:34 - Saída do sistema
================================================

31/05/2017 | 23:32:39 - Entrada no sistema
================================================

31/05/2017 | 23:42:58 - Saída do sistema
================================================

31/05/2017 | 23:43:53 - Entrada no sistema
================================================

31/05/2017 | 23:44:01 - Saída do sistema
================================================

01/06/2017 | 14:07:46 - Entrada no sistema
================================================

01/06/2017 | 23:42:53 - Saída do sistema
================================================

02/06/2017 | 09:22:09 - Entrada no sistema
================================================

02/06/2017 | 12:39:31 - Inclusão da Meditação. Data RUV: 6-333.4
================================================

02/06/2017 | 23:49:40 - Saída do sistema
================================================

03/06/2017 | 17:36:08 - Entrada no sistema
================================================

05/06/2017 | 10:54:15 - Entrada no sistema
================================================

06/06/2017 | 10:51:52 - Entrada no sistema
================================================

07/06/2017 | 00:16:48 - Saída do sistema
================================================

07/06/2017 | 12:12:59 - Entrada no sistema
================================================

07/06/2017 | 12:18:13 - Entrada no sistema
================================================

07/06/2017 | 16:59:27 - Entrada no sistema
================================================

08/06/2017 | 00:14:44 - Saída do sistema
================================================

08/06/2017 | 12:55:48 - Entrada no sistema
================================================

09/06/2017 | 19:07:35 - Entrada no sistema
================================================

10/06/2017 | 12:04:32 - Entrada no sistema
================================================

11/06/2017 | 15:20:32 - Entrada no sistema
================================================

12/06/2017 | 11:12:25 - Entrada no sistema
================================================

12/06/2017 | 20:40:11 - Saída do sistema
================================================

13/06/2017 | 11:04:11 - Entrada no sistema
================================================

14/06/2017 | 00:01:48 - Saída do sistema
================================================

14/06/2017 | 14:48:30 - Entrada no sistema
================================================

15/06/2017 | 01:31:03 - Saída do sistema
================================================

15/06/2017 | 11:05:15 - Entrada no sistema
================================================

16/06/2017 | 00:21:45 - Saída do sistema
================================================

16/06/2017 | 17:47:33 - Entrada no sistema
================================================

17/06/2017 | 01:04:10 - Saída do sistema
================================================

17/06/2017 | 14:19:14 - Entrada no sistema
================================================

18/06/2017 | 00:25:30 - Saída do sistema
================================================

19/06/2017 | 09:17:09 - Entrada no sistema
================================================

20/06/2017 | 12:23:40 - Entrada no sistema
================================================

21/06/2017 | 01:10:36 - Saída do sistema
================================================

21/06/2017 | 11:24:38 - Entrada no sistema
================================================

25/06/2017 | 16:31:14 - Entrada no sistema
================================================

25/06/2017 | 16:39:34 - Saída do sistema
================================================

30/06/2017 | 14:29:42 - Entrada no sistema
================================================

01/07/2017 | 00:39:43 - Saída do sistema
================================================

01/07/2017 | 12:34:03 - Entrada no sistema
================================================

04/07/2017 | 12:58:04 - Entrada no sistema
================================================

04/07/2017 | 20:12:44 - Entrada no sistema
================================================

05/07/2017 | 01:10:06 - Saída do sistema
================================================

05/07/2017 | 12:29:19 - Entrada no sistema
================================================

05/07/2017 | 23:06:12 - Entrada no sistema
================================================

06/07/2017 | 01:25:46 - Saída do sistema
================================================

07/07/2017 | 22:12:18 - Entrada no sistema
================================================

18/07/2017 | 14:06:00 - Entrada no sistema
================================================

19/07/2017 | 01:05:09 - Saída do sistema
================================================

19/07/2017 | 11:22:18 - Entrada no sistema
================================================

19/07/2017 | 12:19:38 - Saída do sistema
================================================

19/07/2017 | 20:03:35 - Entrada no sistema
================================================

19/07/2017 | 20:13:46 - Saída do sistema
================================================

19/07/2017 | 23:19:59 - Entrada no sistema
================================================

19/07/2017 | 23:52:01 - Saída do sistema
================================================

20/07/2017 | 00:04:57 - Entrada no sistema
================================================

20/07/2017 | 01:07:03 - Saída do sistema
================================================

20/07/2017 | 19:17:21 - Entrada no sistema
================================================

21/07/2017 | 02:36:00 - Saída do sistema
================================================

21/07/2017 | 16:19:32 - Entrada no sistema
================================================

21/07/2017 | 21:39:57 - Saída do sistema
================================================

22/07/2017 | 14:53:21 - Entrada no sistema
================================================

23/07/2017 | 02:47:13 - Saída do sistema
================================================

24/07/2017 | 09:56:06 - Entrada no sistema
================================================

25/07/2017 | 10:45:28 - Entrada no sistema
================================================

26/07/2017 | 02:52:26 - Saída do sistema
================================================

26/07/2017 | 10:59:37 - Entrada no sistema
================================================

27/07/2017 | 02:00:07 - Saída do sistema
================================================

27/07/2017 | 12:44:41 - Entrada no sistema
================================================

27/07/2017 | 14:49:33 - Entrada no sistema
================================================

28/07/2017 | 02:50:52 - Saída do sistema
================================================

28/07/2017 | 11:41:18 - Entrada no sistema
================================================

29/07/2017 | 01:28:33 - Saída do sistema
================================================

29/07/2017 | 15:24:35 - Entrada no sistema
================================================

31/07/2017 | 13:17:53 - Entrada no sistema
================================================

31/07/2017 | 20:17:55 - Saída do sistema
================================================

31/07/2017 | 20:18:06 - Entrada no sistema
================================================

01/08/2017 | 01:01:11 - Saída do sistema
================================================

01/08/2017 | 13:41:12 - Entrada no sistema
================================================

01/08/2017 | 23:53:35 - Saída do sistema
================================================

05/08/2017 | 15:16:33 - Entrada no sistema
================================================

06/08/2017 | 00:43:06 - Saída do sistema
================================================

07/08/2017 | 21:15:46 - Entrada no sistema
================================================

07/08/2017 | 23:45:08 - Entrada no sistema
================================================

08/08/2017 | 00:05:38 - Saída do sistema
================================================

08/08/2017 | 10:49:09 - Entrada no sistema
================================================

09/08/2017 | 00:23:45 - Saída do sistema
================================================

09/08/2017 | 15:27:40 - Entrada no sistema
================================================

