16/03/2017 | 21:06:16 - Consulta de registros de Meditação.
================================================

16/03/2017 | 21:06:27 - Consulta de bônus de Meditação.
================================================

16/03/2017 | 21:07:46 - Consulta de bônus de Meditação.
================================================

17/03/2017 | 21:32:43 - Entrada no sistema
================================================

17/03/2017 | 21:34:15 - Consulta de registros de Meditação.
================================================

17/03/2017 | 21:35:01 - Consulta de bônus de Meditação.
================================================

17/03/2017 | 21:37:08 - Consulta de bônus de Meditação.
================================================

18/03/2017 | 00:24:58 - Consulta de bônus de Meditação.
================================================

18/03/2017 | 00:24:59 - Consulta de registros de Meditação.
================================================

18/03/2017 | 01:03:34 - Saída do sistema
================================================

18/03/2017 | 01:03:41 - Entrada no sistema
================================================

18/03/2017 | 01:04:04 - Saída do sistema
================================================

20/03/2017 | 13:58:34 - Entrada no sistema
================================================

20/03/2017 | 14:07:49 - Consulta de bônus de Meditação.
================================================

20/03/2017 | 15:52:25 - Saída do sistema
================================================

20/03/2017 | 15:53:09 - Entrada no sistema
================================================

21/03/2017 | 00:24:00 - Saída do sistema
================================================

21/03/2017 | 20:50:56 - Entrada no sistema
================================================

21/03/2017 | 22:55:59 - Saída do sistema
================================================

22/03/2017 | 10:59:52 - Entrada no sistema
================================================

23/03/2017 | 00:42:50 - Saída do sistema
================================================

23/03/2017 | 13:20:46 - Entrada no sistema
================================================

24/03/2017 | 02:00:36 - Saída do sistema
================================================

24/03/2017 | 02:02:11 - Entrada no sistema
================================================

24/03/2017 | 02:21:26 - Saída do sistema
================================================

24/03/2017 | 10:23:29 - Entrada no sistema
================================================

24/03/2017 | 18:14:16 - Saída do sistema
================================================

24/03/2017 | 18:15:48 - Entrada no sistema
================================================

24/03/2017 | 18:20:49 - Saída do sistema
================================================

24/03/2017 | 18:21:45 - Entrada no sistema
================================================

24/03/2017 | 18:26:28 - Consulta de bônus de Meditação.
================================================

24/03/2017 | 18:29:38 - Consulta de bônus de Meditação.
================================================

24/03/2017 | 18:36:28 - Consulta de bônus de Meditação.
================================================

